<?xml version="1.0" encoding="UTF-8"?>
<!-- Generated by org.testng.reporters.JUnitReportReporter -->
<testsuite hostname="DESKTOP-QI2OR52" failures="0" tests="4" name="tests.LoginTest" time="40.203" errors="0" timestamp="2026-03-02T11:04:04 IST" skipped="0">
  <testcase classname="tests.LoginTest" name="loginTest" time="7.383"/>
  <testcase classname="tests.LoginTest" name="loginTest" time="8.362"/>
  <testcase classname="tests.LoginTest" name="loginTest" time="16.038"/>
  <testcase classname="tests.LoginTest" name="loginTest" time="8.420"/>
</testsuite> <!-- tests.LoginTest -->
