<?xml version="1.0" encoding="UTF-8"?>
<testng-results ignored="0" total="4" passed="4" failed="0" skipped="0">
  <reporter-output>
  </reporter-output>
  <suite started-at="2026-03-02T11:03:23 IST" name="Ecommerce Login Suite" finished-at="2026-03-02T11:04:03 IST" duration-ms="40325">
    <groups>
    </groups>
    <test started-at="2026-03-02T11:03:23 IST" name="Login Tests" finished-at="2026-03-02T11:04:03 IST" duration-ms="40325">
      <class name="tests.LoginTest">
        <test-method is-config="true" signature="setupEnvironment()[pri:0, instance:tests.LoginTest@3fc2959f]" started-at="2026-03-02T11:03:23 IST" name="setupEnvironment" finished-at="2026-03-02T11:03:23 IST" duration-ms="18" status="PASS">
          <reporter-output>
          </reporter-output>
        </test-method> <!-- setupEnvironment -->
        <test-method is-config="true" signature="launchBrowser()[pri:0, instance:tests.LoginTest@3fc2959f]" started-at="2026-03-02T11:03:23 IST" name="launchBrowser" finished-at="2026-03-02T11:03:38 IST" duration-ms="14884" status="PASS">
          <reporter-output>
          </reporter-output>
        </test-method> <!-- launchBrowser -->
        <test-method signature="loginTest(java.lang.String,java.lang.String,java.lang.String)[pri:0, instance:tests.LoginTest@3fc2959f]" started-at="2026-03-02T11:03:38 IST" name="loginTest" data-provider="loginData" finished-at="2026-03-02T11:03:40 IST" duration-ms="1885" status="PASS">
          <params>
            <param index="0">
              <value>
                <![CDATA[standard_user]]>
              </value>
            </param>
            <param index="1">
              <value>
                <![CDATA[secret_sauce]]>
              </value>
            </param>
            <param index="2">
              <value>
                <![CDATA[success]]>
              </value>
            </param>
          </params>
          <reporter-output>
          </reporter-output>
        </test-method> <!-- loginTest -->
        <test-method is-config="true" signature="tearDown(org.testng.ITestResult)[pri:0, instance:tests.LoginTest@3fc2959f]" started-at="2026-03-02T11:03:40 IST" name="tearDown" finished-at="2026-03-02T11:03:40 IST" duration-ms="598" status="PASS">
          <params>
            <param index="0">
              <value>
                <![CDATA[[TestResult name=loginTest status=SUCCESS method=LoginTest.loginTest(java.lang.String,java.lang.String,java.lang.String)[pri:0, instance:tests.LoginTest@3fc2959f] output={null}]]]>
              </value>
            </param>
          </params>
          <reporter-output>
          </reporter-output>
        </test-method> <!-- tearDown -->
        <test-method is-config="true" signature="launchBrowser()[pri:0, instance:tests.LoginTest@3fc2959f]" started-at="2026-03-02T11:03:40 IST" name="launchBrowser" finished-at="2026-03-02T11:03:46 IST" duration-ms="5922" status="PASS">
          <reporter-output>
          </reporter-output>
        </test-method> <!-- launchBrowser -->
        <test-method signature="loginTest(java.lang.String,java.lang.String,java.lang.String)[pri:0, instance:tests.LoginTest@3fc2959f]" started-at="2026-03-02T11:03:46 IST" name="loginTest" data-provider="loginData" finished-at="2026-03-02T11:03:48 IST" duration-ms="1900" status="PASS">
          <params>
            <param index="0">
              <value>
                <![CDATA[standard_user]]>
              </value>
            </param>
            <param index="1">
              <value>
                <![CDATA[wrongPass]]>
              </value>
            </param>
            <param index="2">
              <value>
                <![CDATA[error]]>
              </value>
            </param>
          </params>
          <reporter-output>
          </reporter-output>
        </test-method> <!-- loginTest -->
        <test-method is-config="true" signature="tearDown(org.testng.ITestResult)[pri:0, instance:tests.LoginTest@3fc2959f]" started-at="2026-03-02T11:03:48 IST" name="tearDown" finished-at="2026-03-02T11:03:49 IST" duration-ms="486" status="PASS">
          <params>
            <param index="0">
              <value>
                <![CDATA[[TestResult name=loginTest status=SUCCESS method=LoginTest.loginTest(java.lang.String,java.lang.String,java.lang.String)[pri:0, instance:tests.LoginTest@3fc2959f] output={null}]]]>
              </value>
            </param>
          </params>
          <reporter-output>
          </reporter-output>
        </test-method> <!-- tearDown -->
        <test-method is-config="true" signature="launchBrowser()[pri:0, instance:tests.LoginTest@3fc2959f]" started-at="2026-03-02T11:03:49 IST" name="launchBrowser" finished-at="2026-03-02T11:03:54 IST" duration-ms="4884" status="PASS">
          <reporter-output>
          </reporter-output>
        </test-method> <!-- launchBrowser -->
        <test-method signature="loginTest(java.lang.String,java.lang.String,java.lang.String)[pri:0, instance:tests.LoginTest@3fc2959f]" started-at="2026-03-02T11:03:54 IST" name="loginTest" data-provider="loginData" finished-at="2026-03-02T11:03:54 IST" duration-ms="723" status="PASS">
          <params>
            <param index="0">
              <value>
                <![CDATA[wrongUser]]>
              </value>
            </param>
            <param index="1">
              <value>
                <![CDATA[secret_sauce]]>
              </value>
            </param>
            <param index="2">
              <value>
                <![CDATA[error]]>
              </value>
            </param>
          </params>
          <reporter-output>
          </reporter-output>
        </test-method> <!-- loginTest -->
        <test-method is-config="true" signature="tearDown(org.testng.ITestResult)[pri:0, instance:tests.LoginTest@3fc2959f]" started-at="2026-03-02T11:03:54 IST" name="tearDown" finished-at="2026-03-02T11:03:55 IST" duration-ms="614" status="PASS">
          <params>
            <param index="0">
              <value>
                <![CDATA[[TestResult name=loginTest status=SUCCESS method=LoginTest.loginTest(java.lang.String,java.lang.String,java.lang.String)[pri:0, instance:tests.LoginTest@3fc2959f] output={null}]]]>
              </value>
            </param>
          </params>
          <reporter-output>
          </reporter-output>
        </test-method> <!-- tearDown -->
        <test-method is-config="true" signature="launchBrowser()[pri:0, instance:tests.LoginTest@3fc2959f]" started-at="2026-03-02T11:03:55 IST" name="launchBrowser" finished-at="2026-03-02T11:04:02 IST" duration-ms="7349" status="PASS">
          <reporter-output>
          </reporter-output>
        </test-method> <!-- launchBrowser -->
        <test-method signature="loginTest(java.lang.String,java.lang.String,java.lang.String)[pri:0, instance:tests.LoginTest@3fc2959f]" started-at="2026-03-02T11:04:02 IST" name="loginTest" data-provider="loginData" finished-at="2026-03-02T11:04:03 IST" duration-ms="668" status="PASS">
          <params>
            <param index="0">
              <value>
                <![CDATA[]]>
              </value>
            </param>
            <param index="1">
              <value>
                <![CDATA[]]>
              </value>
            </param>
            <param index="2">
              <value>
                <![CDATA[validation]]>
              </value>
            </param>
          </params>
          <reporter-output>
          </reporter-output>
        </test-method> <!-- loginTest -->
        <test-method is-config="true" signature="tearDown(org.testng.ITestResult)[pri:0, instance:tests.LoginTest@3fc2959f]" started-at="2026-03-02T11:04:03 IST" name="tearDown" finished-at="2026-03-02T11:04:03 IST" duration-ms="290" status="PASS">
          <params>
            <param index="0">
              <value>
                <![CDATA[[TestResult name=loginTest status=SUCCESS method=LoginTest.loginTest(java.lang.String,java.lang.String,java.lang.String)[pri:0, instance:tests.LoginTest@3fc2959f] output={null}]]]>
              </value>
            </param>
          </params>
          <reporter-output>
          </reporter-output>
        </test-method> <!-- tearDown -->
        <test-method is-config="true" signature="cleanupEnvironment()[pri:0, instance:tests.LoginTest@3fc2959f]" started-at="2026-03-02T11:04:03 IST" name="cleanupEnvironment" finished-at="2026-03-02T11:04:03 IST" duration-ms="2" status="PASS">
          <reporter-output>
          </reporter-output>
        </test-method> <!-- cleanupEnvironment -->
      </class> <!-- tests.LoginTest -->
    </test> <!-- Login Tests -->
  </suite> <!-- Ecommerce Login Suite -->
</testng-results>
