<?xml version="1.0" encoding="UTF-8"?>
<testng-results ignored="0" total="1" passed="1" failed="0" skipped="0">
  <reporter-output>
  </reporter-output>
  <suite started-at="2026-03-02T11:50:59 IST" name="Default suite" finished-at="2026-03-02T11:51:02 IST" duration-ms="3736">
    <groups>
    </groups>
    <test started-at="2026-03-02T11:50:59 IST" name="Default test" finished-at="2026-03-02T11:51:02 IST" duration-ms="3736">
      <class name="test.Test1">
        <test-method signature="googleTitle()[pri:0, instance:test.Test1@51399530]" started-at="2026-03-02T11:50:59 IST" name="googleTitle" finished-at="2026-03-02T11:51:02 IST" duration-ms="3691" status="PASS">
          <reporter-output>
          </reporter-output>
        </test-method> <!-- googleTitle -->
      </class> <!-- test.Test1 -->
    </test> <!-- Default test -->
  </suite> <!-- Default suite -->
</testng-results>
