<?xml version="1.0" encoding="UTF-8"?>
<!-- Generated by org.testng.reporters.JUnitReportReporter -->
<testsuite hostname="DESKTOP-QI2OR52" failures="0" tests="3" name="hayat.LoginTest" time="20.970" errors="0" timestamp="2026-02-17T16:00:41 IST" skipped="0">
  <testcase classname="hayat.LoginTest" name="loginTest" time="9.193"/>
  <testcase classname="hayat.LoginTest" name="loginTest" time="6.226"/>
  <testcase classname="hayat.LoginTest" name="loginTest" time="5.551"/>
</testsuite> <!-- hayat.LoginTest -->
