<?xml version="1.0" encoding="UTF-8"?>
<!-- Generated by org.testng.reporters.JUnitReportReporter -->
<testsuite hostname="DESKTOP-QI2OR52" failures="0" tests="3" name="hayat.DataDrivenCSV" time="14.590" errors="0" timestamp="2026-02-18T12:48:56 IST" skipped="0">
  <testcase classname="hayat.DataDrivenCSV" name="loginTest" time="4.286"/>
  <testcase classname="hayat.DataDrivenCSV" name="loginTest" time="5.594"/>
  <testcase classname="hayat.DataDrivenCSV" name="loginTest" time="4.710"/>
</testsuite> <!-- hayat.DataDrivenCSV -->
