<?xml version="1.0" encoding="UTF-8"?>
<!-- Generated by org.testng.reporters.JUnitReportReporter -->
<testsuite hostname="DESKTOP-QI2OR52" failures="0" tests="3" name="hayat.LoginTest1$LoginTest" time="19.288" errors="0" timestamp="2026-02-18T10:51:37 IST" skipped="0">
  <testcase classname="hayat.LoginTest1$LoginTest" name="loginTest" time="4.974"/>
  <testcase classname="hayat.LoginTest1$LoginTest" name="loginTest" time="8.690"/>
  <testcase classname="hayat.LoginTest1$LoginTest" name="loginTest" time="5.624"/>
</testsuite> <!-- hayat.LoginTest1$LoginTest -->
