<?xml version="1.0" encoding="UTF-8"?>
<!-- Generated by org.testng.reporters.JUnitXMLReporter -->
<testsuite ignored="0" hostname="DESKTOP-QI2OR52" failures="0" tests="4" name="Default test" time="18.71" errors="0" timestamp="2026-02-27T16:32:29 IST">
  <testcase classname="tests.LoginTest" name="loginTest" time="0.602"/>
  <testcase classname="tests.LoginTest" name="loginTest" time="1.402"/>
  <testcase classname="tests.LoginTest" name="loginTest" time="1.313"/>
  <testcase classname="tests.LoginTest" name="loginTest" time="0.388"/>
</testsuite> <!-- Default test -->
