<?xml version="1.0" encoding="UTF-8"?>
<!-- Generated by org.testng.reporters.JUnitXMLReporter -->
<testsuite ignored="0" hostname="DESKTOP-QI2OR52" failures="0" tests="4" name="Login Tests" time="40.325" errors="0" timestamp="2026-03-02T11:04:03 IST">
  <testcase classname="tests.LoginTest" name="loginTest" time="1.885"/>
  <testcase classname="tests.LoginTest" name="loginTest" time="1.9"/>
  <testcase classname="tests.LoginTest" name="loginTest" time="0.723"/>
  <testcase classname="tests.LoginTest" name="loginTest" time="0.668"/>
</testsuite> <!-- Login Tests -->
